<?xml version="1.0" encoding="UTF-8"?>
<!-- Generated by org.testng.reporters.JUnitReportReporter -->
<testsuite hostname="RU1202197827" name="com.example.tests.GroupRemovalTests" tests="1" failures="0" timestamp="8 Jul 2015 07:11:52 GMT" time="4.282" errors="0">
  <testcase name="deleteSomeGroup" time="4.282" classname="com.example.tests.GroupRemovalTests"/>
</testsuite> <!-- com.example.tests.GroupRemovalTests -->
