<?xml version="1.0" encoding="UTF-8"?>
<!-- Generated by org.testng.reporters.JUnitReportReporter -->
<testsuite hostname="RU1207211810" name="com.example.tests.ContactRemovalTests" tests="1" failures="0" timestamp="7 Jul 2015 06:42:09 GMT" time="0.729" errors="0">
  <testcase name="deleteSomeContact" time="0.729" classname="com.example.tests.ContactRemovalTests"/>
</testsuite> <!-- com.example.tests.ContactRemovalTests -->
